\BOOKMARK [1][-]{section.0}{Introduction}{}% 1
\BOOKMARK [1][-]{section.1}{Propositions, Sets and Numbers}{}% 2
\BOOKMARK [2][-]{subsection.1.1}{Propositions}{section.1}% 3
\BOOKMARK [2][-]{subsection.1.2}{Notation of proposition}{section.1}% 4
\BOOKMARK [2][-]{subsection.1.3}{Theorm of propositions}{section.1}% 5
\BOOKMARK [2][-]{subsection.1.4}{Sets}{section.1}% 6
\BOOKMARK [2][-]{subsection.1.5}{Basic notation for sets.}{section.1}% 7
\BOOKMARK [2][-]{subsection.1.6}{Fundamental fact about equality of sets}{section.1}% 8
\BOOKMARK [2][-]{subsection.1.7}{Notation of sets}{section.1}% 9
\BOOKMARK [3][-]{subsubsection.1.7.1}{Subsets}{subsection.1.7}% 10
\BOOKMARK [2][-]{subsection.1.8}{Important sets}{section.1}% 11
\BOOKMARK [3][-]{subsubsection.1.8.1}{Universes}{subsection.1.8}% 12
\BOOKMARK [3][-]{subsubsection.1.8.2}{For all}{subsection.1.8}% 13
\BOOKMARK [3][-]{subsubsection.1.8.3}{There exists}{subsection.1.8}% 14
\BOOKMARK [3][-]{subsubsection.1.8.4}{Union}{subsection.1.8}% 15
\BOOKMARK [3][-]{subsubsection.1.8.5}{Intersection}{subsection.1.8}% 16
\BOOKMARK [3][-]{subsubsection.1.8.6}{Complements}{subsection.1.8}% 17
\BOOKMARK [2][-]{subsection.1.9}{Notation of sets with certain property}{section.1}% 18
\BOOKMARK [2][-]{subsection.1.10}{Theorm of sets}{section.1}% 19
\BOOKMARK [2][-]{subsection.1.11}{Some Proof Examples}{section.1}% 20
\BOOKMARK [1][-]{section.2}{Real Numbers}{}% 21
\BOOKMARK [2][-]{subsection.2.1}{Introduction}{section.2}% 22
\BOOKMARK [2][-]{subsection.2.2}{Some proves of Real Numbers}{section.2}% 23
\BOOKMARK [1][-]{section.3}{Complex Number}{}% 24
\BOOKMARK [2][-]{subsection.3.1}{Introduction}{section.3}% 25
\BOOKMARK [2][-]{subsection.3.2}{Definition}{section.3}% 26
\BOOKMARK [1][-]{section.4}{Induction}{}% 27
\BOOKMARK [2][-]{subsection.4.1}{Introduction}{section.4}% 28
\BOOKMARK [2][-]{subsection.4.2}{Proof}{section.4}% 29
\BOOKMARK [2][-]{subsection.4.3}{Other induction}{section.4}% 30
